<?xml version="1.0" encoding="UTF-8"?>
<!-- Generated by org.testng.reporters.JUnitXMLReporter -->
<testsuite hostname="LAPTOP-V1TVQAS7" ignored="2" name="include exclude tests" tests="2" failures="0" timestamp="2022-10-15T13:10:53 IST" time="0.061" errors="0">
  <testcase name="AddCollaborationTestCase" time="0.0" classname="AdvancetestNG.IncludeExcludeTest"/>
  <testcase name="AddDepartmentalTestCase" time="0.0" classname="AdvancetestNG.IncludeExcludeTest"/>
  <testcase name="AddResistrationTestCase" time="0.0" classname="AdvancetestNG.IncludeExcludeTest">
    <ignored/>
  </testcase> <!-- AddResistrationTestCase -->
  <testcase name="AddLocationTestCase" time="0.0" classname="AdvancetestNG.IncludeExcludeTest">
    <ignored/>
  </testcase> <!-- AddLocationTestCase -->
</testsuite> <!-- include exclude tests -->
