<?xml version="1.0" encoding="UTF-8"?>
<!-- Generated by org.testng.reporters.JUnitXMLReporter -->
<testsuite hostname="LAPTOP-V1TVQAS7" ignored="0" name="Regression" tests="5" failures="0" timestamp="2022-10-15T13:17:01 IST" time="0.068" errors="0">
  <testcase name="TestCase2" time="0.0" classname="AdvancetestNG.GroupExample"/>
  <testcase name="TestCase1" time="0.0" classname="AdvancetestNG.GroupExample"/>
  <testcase name="TestCase3" time="0.016" classname="AdvancetestNG.GroupExample"/>
  <testcase name="TestCase4" time="0.0" classname="AdvancetestNG.GroupExample"/>
  <testcase name="TestCase5" time="0.005" classname="AdvancetestNG.GroupExample"/>
</testsuite> <!-- Regression -->
