<?xml version="1.0" encoding="UTF-8"?>
<!-- Generated by org.testng.reporters.JUnitXMLReporter -->
<testsuite hostname="LAPTOP-V1TVQAS7" ignored="0" name="class tests" tests="9" failures="0" timestamp="2022-10-15T13:12:44 IST" time="0.075" errors="0">
  <testcase name="AddCollaborationTestCase" time="0.0" classname="AdvancetestNG.IncludeExcludeTest"/>
  <testcase name="AddDepartmentalTestCase" time="0.0" classname="AdvancetestNG.IncludeExcludeTest"/>
  <testcase name="AddLocationTestCase" time="0.0" classname="AdvancetestNG.IncludeExcludeTest"/>
  <testcase name="AddResistrationTestCase" time="0.0" classname="AdvancetestNG.IncludeExcludeTest"/>
  <testcase name="TestCase1" time="0.0" classname="AdvancetestNG.GroupExample"/>
  <testcase name="TestCase2" time="0.016" classname="AdvancetestNG.GroupExample"/>
  <testcase name="TestCase3" time="0.0" classname="AdvancetestNG.GroupExample"/>
  <testcase name="TestCase4" time="0.0" classname="AdvancetestNG.GroupExample"/>
  <testcase name="TestCase5" time="0.0" classname="AdvancetestNG.GroupExample"/>
</testsuite> <!-- class tests -->
