<?xml version="1.0" encoding="UTF-8"?>
<!-- Generated by org.testng.reporters.JUnitXMLReporter -->
<testsuite hostname="LAPTOP-V1TVQAS7" ignored="2" name="grouping of tests" tests="3" failures="0" timestamp="2022-10-15T13:08:57 IST" time="0.059" errors="0">
  <testcase name="TestCase1" time="0.0" classname="AdvancetestNG.GroupExample"/>
  <testcase name="TestCase3" time="0.0" classname="AdvancetestNG.GroupExample"/>
  <testcase name="TestCase4" time="0.0" classname="AdvancetestNG.GroupExample"/>
  <testcase name="TestCase2" time="0.0" classname="AdvancetestNG.GroupExample">
    <ignored/>
  </testcase> <!-- TestCase2 -->
  <testcase name="TestCase5" time="0.0" classname="AdvancetestNG.GroupExample">
    <ignored/>
  </testcase> <!-- TestCase5 -->
</testsuite> <!-- grouping of tests -->
